SF:lib/cubit/news/news_cubit.dart
DA:15,6
DA:17,0
DA:18,0
DA:20,0
DA:21,0
DA:23,0
DA:25,0
DA:34,2
DA:39,0
DA:40,0
DA:41,0
DA:42,0
LF:12
LH:2
end_of_record
SF:lib/model/bussiness_model/news/news_item.dart
DA:12,0
DA:18,0
DA:19,0
DA:21,0
DA:22,0
DA:24,0
DA:38,0
DA:49,0
DA:50,0
DA:51,0
DA:52,0
DA:53,0
DA:54,0
DA:55,0
DA:56,0
DA:57,0
DA:58,0
DA:61,0
DA:62,0
DA:64,0
DA:72,0
DA:77,0
DA:78,0
DA:80,0
DA:81,0
DA:83,0
LF:26
LH:0
end_of_record
SF:lib/model/bussiness_model/news/news_item.g.dart
DA:9,0
DA:10,0
DA:11,0
DA:12,0
DA:13,0
DA:14,0
DA:15,0
DA:18,0
DA:19,0
DA:20,0
DA:21,0
DA:22,0
DA:25,0
DA:26,0
DA:27,0
DA:28,0
DA:29,0
DA:30,0
DA:31,0
DA:32,0
DA:33,0
DA:36,0
DA:37,0
DA:38,0
DA:39,0
DA:40,0
DA:41,0
DA:42,0
DA:43,0
DA:44,0
DA:47,0
DA:48,0
DA:50,0
DA:51,0
DA:52,0
LF:35
LH:0
end_of_record
SF:lib/repository/news_repository.dart
DA:8,0
DA:10,0
DA:11,0
LF:3
LH:0
end_of_record
SF:lib/model/mapper/news/news_item_mapper.dart
DA:5,0
DA:6,0
DA:7,0
DA:8,0
DA:9,0
DA:10,0
DA:11,0
DA:12,0
DA:13,0
DA:14,0
DA:16,0
DA:17,0
DA:18,0
DA:20,0
LF:14
LH:0
end_of_record
SF:lib/model/entity/common/common_response.dart
DA:10,0
DA:12,0
DA:14,0
DA:19,0
DA:21,0
DA:22,0
LF:6
LH:0
end_of_record
SF:lib/model/entity/common/common_response.g.dart
DA:9,0
DA:12,0
DA:13,0
DA:14,0
DA:17,0
DA:20,0
DA:21,0
DA:22,0
DA:25,0
DA:26,0
DA:28,0
DA:29,0
LF:12
LH:0
end_of_record
SF:lib/model/entity/newsentity/news_response.dart
DA:11,0
DA:17,0
DA:18,0
DA:33,0
DA:44,0
DA:45,0
DA:54,0
DA:59,0
DA:60,0
LF:9
LH:0
end_of_record
SF:lib/model/entity/newsentity/news_response.g.dart
DA:9,0
DA:10,0
DA:11,0
DA:12,0
DA:13,0
DA:14,0
DA:17,0
DA:18,0
DA:19,0
DA:20,0
DA:21,0
DA:24,0
DA:25,0
DA:26,0
DA:27,0
DA:28,0
DA:29,0
DA:30,0
DA:31,0
DA:32,0
DA:33,0
DA:36,0
DA:37,0
DA:38,0
DA:39,0
DA:40,0
DA:41,0
DA:42,0
DA:43,0
DA:44,0
DA:45,0
DA:48,0
DA:49,0
DA:51,0
DA:52,0
LF:35
LH:0
end_of_record
SF:lib/remote/api_client.g.dart
DA:14,0
DA:15,0
DA:24,0
DA:31,0
DA:32,0
DA:38,0
DA:40,0
DA:41,0
DA:42,0
DA:43,0
DA:48,0
DA:50,0
DA:53,0
DA:55,0
DA:61,0
DA:62,0
DA:63,0
DA:64,0
DA:65,0
DA:66,0
DA:68,0
DA:74,0
DA:75,0
DA:79,0
DA:81,0
DA:82,0
DA:85,0
LF:27
LH:0
end_of_record
SF:lib/repository/repository.dart
DA:10,0
DA:15,0
DA:16,0
DA:17,0
DA:18,0
DA:29,0
DA:31,0
LF:7
LH:0
end_of_record
SF:lib/main.dart
DA:5,0
DA:6,0
DA:10,1
DA:12,0
DA:14,0
DA:16,0
DA:17,0
DA:19,0
DA:21,0
DA:28,0
DA:29,0
LF:11
LH:1
end_of_record
SF:lib/router.dart
DA:11,0
DA:12,0
DA:14,0
DA:15,0
DA:18,0
DA:19,0
DA:20,0
DA:24,0
DA:25,0
DA:27,0
DA:29,0
DA:30,0
DA:32,0
DA:34,0
DA:35,0
DA:39,0
DA:40,0
DA:42,0
LF:18
LH:0
end_of_record
SF:lib/main_home.dart
DA:11,1
DA:13,0
DA:15,0
DA:16,0
DA:17,0
DA:18,0
DA:20,0
DA:25,0
DA:27,0
LF:9
LH:1
end_of_record
SF:lib/main_detail.dart
DA:9,0
DA:11,0
DA:13,0
DA:14,0
DA:16,0
DA:17,0
DA:18,0
DA:20,0
DA:21,0
DA:23,0
DA:24,0
DA:25,0
DA:26,0
DA:27,0
DA:28,0
DA:32,0
DA:35,0
DA:36,0
DA:37,0
DA:38,0
LF:20
LH:0
end_of_record
